SpeedMeter2/app/build/intermediates/manifest_merge_blame_file/debug/manifest-merger-blame-debug-report.txt
1<?xml version="1.0" encoding="utf-8"?>
2<manifest xmlns:android="http://schemas.android.com/apk/res/android"
3    package="com.test.speedmeter"
4    android:versionCode="1"
5    android:versionName="1.0" >
6
7    <uses-sdk
8        android:minSdkVersion="25"
8-->src/main/AndroidManifest.xml
9        android:targetSdkVersion="31" />
9-->src/main/AndroidManifest.xml
10
11    <uses-permission android:name="android.permission.ACCESS_COARSE_LOCATION" />
11-->src/main/AndroidManifest.xml:5:5-81
11-->src/main/AndroidManifest.xml:5:22-78
12    <uses-permission android:name="android.permission.ACCESS_FINE_LOCATION" />
12-->src/main/AndroidManifest.xml:6:5-79
12-->src/main/AndroidManifest.xml:6:22-76
13    <uses-permission android:name="android.permission.VIBRATE" />
13-->src/main/AndroidManifest.xml:7:5-66
13-->src/main/AndroidManifest.xml:7:22-63
14    <uses-permission android:name="android.permission.INTERNET" />
14-->[com.microsoft.maps:maps-sdk:1.2.0] AndroidManifest.xml:9:5-67
14-->[com.microsoft.maps:maps-sdk:1.2.0] AndroidManifest.xml:9:22-64
15    <uses-permission android:name="android.permission.ACCESS_NETWORK_STATE" />
15-->[com.microsoft.maps:maps-sdk:1.2.0] AndroidManifest.xml:10:5-79
15-->[com.microsoft.maps:maps-sdk:1.2.0] AndroidManifest.xml:10:22-76
16
17    <queries>
17-->[androidx.wear.tiles:tiles:1.1.0-alpha05] AndroidManifest.xml:9:5-13:15
18        <intent>
18-->[androidx.wear.tiles:tiles:1.1.0-alpha05] AndroidManifest.xml:10:9-12:18
19            <action android:name="androidx.wear.tiles.action.BIND_UPDATE_REQUESTER" />
19-->[androidx.wear.tiles:tiles:1.1.0-alpha05] AndroidManifest.xml:11:13-87
19-->[androidx.wear.tiles:tiles:1.1.0-alpha05] AndroidManifest.xml:11:21-84
20        </intent>
21    </queries>
22
23    <application
23-->src/main/AndroidManifest.xml:9:5-32:19
24        android:allowBackup="true"
24-->src/main/AndroidManifest.xml:10:9-35
25        android:appComponentFactory="androidx.core.app.CoreComponentFactory"
25-->[androidx.core:core:1.7.0] AndroidManifest.xml:24:18-86
26        android:debuggable="true"
27        android:extractNativeLibs="false"
28        android:icon="@drawable/logo"
28-->src/main/AndroidManifest.xml:11:9-38
29        android:label="@string/app_name"
29-->src/main/AndroidManifest.xml:12:9-41
30        android:supportsRtl="true"
30-->src/main/AndroidManifest.xml:13:9-35
31        android:theme="@style/Theme.SpeedMeter" >
31-->src/main/AndroidManifest.xml:14:9-48
32        <activity
32-->src/main/AndroidManifest.xml:15:9-23:20
33            android:name="com.test.speedmeter.SplashScreen"
33-->src/main/AndroidManifest.xml:16:13-41
34            android:exported="true" >
34-->src/main/AndroidManifest.xml:17:13-36
35            <intent-filter>
35-->src/main/AndroidManifest.xml:18:13-22:29
36                <action android:name="android.intent.action.MAIN" />
36-->src/main/AndroidManifest.xml:19:17-69
36-->src/main/AndroidManifest.xml:19:25-66
37
38                <category android:name="android.intent.category.LAUNCHER" />
38-->src/main/AndroidManifest.xml:21:17-77
38-->src/main/AndroidManifest.xml:21:27-74
39            </intent-filter>
40        </activity>
41        <activity
41-->src/main/AndroidManifest.xml:24:9-26:40
42            android:name="com.test.speedmeter.MarkArea"
42-->src/main/AndroidManifest.xml:25:13-37
43            android:exported="false" />
43-->src/main/AndroidManifest.xml:26:13-37
44        <activity
44-->src/main/AndroidManifest.xml:27:9-31:20
45            android:name="com.test.speedmeter.MainActivity"
45-->src/main/AndroidManifest.xml:28:13-41
46            android:exported="true" >
46-->src/main/AndroidManifest.xml:29:13-36
47        </activity>
48
49        <service
49-->[androidx.room:room-runtime:2.4.2] AndroidManifest.xml:25:9-28:40
50            android:name="androidx.room.MultiInstanceInvalidationService"
50-->[androidx.room:room-runtime:2.4.2] AndroidManifest.xml:26:13-74
51            android:directBootAware="true"
51-->[androidx.room:room-runtime:2.4.2] AndroidManifest.xml:27:13-43
52            android:exported="false" />
52-->[androidx.room:room-runtime:2.4.2] AndroidManifest.xml:28:13-37
53
54        <activity
54-->[com.google.android.gms:play-services-base:18.0.1] AndroidManifest.xml:20:9-22:45
55            android:name="com.google.android.gms.common.api.GoogleApiActivity"
55-->[com.google.android.gms:play-services-base:18.0.1] AndroidManifest.xml:20:19-85
56            android:exported="false"
56-->[com.google.android.gms:play-services-base:18.0.1] AndroidManifest.xml:22:19-43
57            android:theme="@android:style/Theme.Translucent.NoTitleBar" />
57-->[com.google.android.gms:play-services-base:18.0.1] AndroidManifest.xml:21:19-78
58
59        <meta-data
59-->[com.google.android.gms:play-services-basement:18.0.0] AndroidManifest.xml:21:9-23:69
60            android:name="com.google.android.gms.version"
60-->[com.google.android.gms:play-services-basement:18.0.0] AndroidManifest.xml:22:13-58
61            android:value="@integer/google_play_services_version" />
61-->[com.google.android.gms:play-services-basement:18.0.0] AndroidManifest.xml:23:13-66
62
63        <provider
63-->[androidx.emoji2:emoji2:1.0.0] AndroidManifest.xml:26:9-34:20
64            android:name="androidx.startup.InitializationProvider"
64-->[androidx.emoji2:emoji2:1.0.0] AndroidManifest.xml:27:13-67
65            android:authorities="com.test.speedmeter.androidx-startup"
65-->[androidx.emoji2:emoji2:1.0.0] AndroidManifest.xml:28:13-68
66            android:exported="false" >
66-->[androidx.emoji2:emoji2:1.0.0] AndroidManifest.xml:29:13-37
67            <meta-data
67-->[androidx.emoji2:emoji2:1.0.0] AndroidManifest.xml:31:13-33:52
68                android:name="androidx.emoji2.text.EmojiCompatInitializer"
68-->[androidx.emoji2:emoji2:1.0.0] AndroidManifest.xml:32:17-75
69                android:value="androidx.startup" />
69-->[androidx.emoji2:emoji2:1.0.0] AndroidManifest.xml:33:17-49
70            <meta-data
70-->[androidx.lifecycle:lifecycle-process:2.4.0] AndroidManifest.xml:31:13-33:52
71                android:name="androidx.lifecycle.ProcessLifecycleInitializer"
71-->[androidx.lifecycle:lifecycle-process:2.4.0] AndroidManifest.xml:32:17-78
72                android:value="androidx.startup" />
72-->[androidx.lifecycle:lifecycle-process:2.4.0] AndroidManifest.xml:33:17-49
73        </provider>
74    </application>
75
76</manifest>